0 info it worked if it ends with ok
1 verbose cli [ '/home/lmartin/.nvm/versions/node/v6.3.1/bin/node',
1 verbose cli   '/home/lmartin/.nvm/versions/node/v6.3.1/bin/npm',
1 verbose cli   'start' ]
2 info using npm@3.10.3
3 info using node@v6.3.1
4 verbose run-script [ 'prestart', 'start', 'poststart' ]
5 info lifecycle classify@1.0.0~prestart: classify@1.0.0
6 silly lifecycle classify@1.0.0~prestart: no script for prestart, continuing
7 info lifecycle classify@1.0.0~start: classify@1.0.0
8 verbose lifecycle classify@1.0.0~start: unsafe-perm in lifecycle true
9 verbose lifecycle classify@1.0.0~start: PATH: /home/lmartin/.nvm/versions/node/v6.3.1/lib/node_modules/npm/bin/node-gyp-bin:/home/lmartin/git/GO-Classify/web/node_modules/.bin:/home/lmartin/.nvm/versions/node/v6.3.1/bin:/home/lmartin/.nvm/versions/node/v6.3.1/bin:/home/lmartin/.plenv/shims:/home/lmartin/github/plenv/bin:/home/lmartin/languages/perl/bin:/home/lmartin/perl5/bin:/usr/local/sbin:/usr/local/bin:/usr/bin:/usr/lib/jvm/default/bin:/usr/bin/site_perl:/usr/bin/vendor_perl:/usr/bin/core_perl:/home/lmartin/languages/go/bin:/opt/crosstool-ng/bin
10 verbose lifecycle classify@1.0.0~start: CWD: /home/lmartin/git/GO-Classify/web
11 silly lifecycle classify@1.0.0~start: Args: [ '-c',
11 silly lifecycle   'tsc && concurrently "npm run tsc:w" "webpack-dev-server --inline --progress --port 3000"' ]
12 silly lifecycle classify@1.0.0~start: Returned: code: 2  signal: null
13 info lifecycle classify@1.0.0~start: Failed to exec start script
14 verbose stack Error: classify@1.0.0 start: `tsc && concurrently "npm run tsc:w" "webpack-dev-server --inline --progress --port 3000"`
14 verbose stack Exit status 2
14 verbose stack     at EventEmitter.<anonymous> (/home/lmartin/.nvm/versions/node/v6.3.1/lib/node_modules/npm/lib/utils/lifecycle.js:242:16)
14 verbose stack     at emitTwo (events.js:106:13)
14 verbose stack     at EventEmitter.emit (events.js:191:7)
14 verbose stack     at ChildProcess.<anonymous> (/home/lmartin/.nvm/versions/node/v6.3.1/lib/node_modules/npm/lib/utils/spawn.js:40:14)
14 verbose stack     at emitTwo (events.js:106:13)
14 verbose stack     at ChildProcess.emit (events.js:191:7)
14 verbose stack     at maybeClose (internal/child_process.js:852:16)
14 verbose stack     at Process.ChildProcess._handle.onexit (internal/child_process.js:215:5)
15 verbose pkgid classify@1.0.0
16 verbose cwd /home/lmartin/git/GO-Classify/web/src
17 error Linux 4.6.2-1-ARCH
18 error argv "/home/lmartin/.nvm/versions/node/v6.3.1/bin/node" "/home/lmartin/.nvm/versions/node/v6.3.1/bin/npm" "start"
19 error node v6.3.1
20 error npm  v3.10.3
21 error code ELIFECYCLE
22 error classify@1.0.0 start: `tsc && concurrently "npm run tsc:w" "webpack-dev-server --inline --progress --port 3000"`
22 error Exit status 2
23 error Failed at the classify@1.0.0 start script 'tsc && concurrently "npm run tsc:w" "webpack-dev-server --inline --progress --port 3000"'.
23 error Make sure you have the latest version of node.js and npm installed.
23 error If you do, this is most likely a problem with the classify package,
23 error not with npm itself.
23 error Tell the author that this fails on your system:
23 error     tsc && concurrently "npm run tsc:w" "webpack-dev-server --inline --progress --port 3000"
23 error You can get information on how to open an issue for this project with:
23 error     npm bugs classify
23 error Or if that isn't available, you can get their info via:
23 error     npm owner ls classify
23 error There is likely additional logging output above.
24 verbose exit [ 1, true ]
